<?xml version="1.0" encoding="UTF-8"?>
<testsuite xmlns:xsi="http://www.w3.org/2001/XMLSchema-instance" xsi:noNamespaceSchemaLocation="https://maven.apache.org/surefire/maven-surefire-plugin/xsd/surefire-test-report-3.0.xsd" version="3.0" name="application.TestGame" time="0.162" tests="3" errors="0" skipped="0" failures="0">
  <properties>
[...]
</properties>
  <testcase name="testSetUpShipFailIsBlocked" classname="application.TestGame" time="0.002">
    <system-out><![CDATA[Error: (0/0) is already blocked by another ship!
]]></system-out>
  </testcase>
  <testcase name="testSetUpShipFailTooBig" classname="application.TestGame" time="0">
    <system-out><![CDATA[Error: Wrong size! Try again!
]]></system-out>
  </testcase>
  <testcase name="testSetUpShip" classname="application.TestGame" time="0.16">
    <system-out><![CDATA[* * * * * * * * * * * * * * *
*              x            *
*     0 1 2 3 4 5 6 7 8 9   *
*   0 S S X ~ ~ ~ ~ ~ ~ ~   *
*   1 X X X ~ ~ ~ ~ ~ ~ ~   *
*   2 ~ ~ ~ ~ ~ ~ ~ ~ ~ ~   *
*   3 ~ ~ ~ ~ ~ ~ ~ ~ ~ ~   *
*   4 ~ ~ ~ ~ ~ ~ ~ ~ ~ ~   *
* y 5 ~ ~ ~ ~ ~ ~ ~ ~ ~ ~   *
*   6 ~ ~ ~ ~ ~ ~ ~ ~ ~ ~   *
*   7 ~ ~ ~ ~ ~ ~ ~ ~ ~ ~   *
*   8 ~ ~ ~ ~ ~ ~ ~ ~ ~ ~   *
*   9 ~ ~ ~ ~ ~ ~ ~ ~ ~ ~   *
*                           *
* * * * * * * * * * * * * * *
]]></system-out>
  </testcase>
</testsuite>